<?xml version="1.0" encoding="UTF-8"?>
<!-- Generated by org.testng.reporters.JUnitXMLReporter -->
<testsuite hostname="user-PC" ignored="0" name="Test" tests="1" failures="1" timestamp="20 Apr 2019 07:59:07 GMT" time="12.508" errors="0">
  <testcase name="login" time="12.429" classname="Flipkat.FlipkatOrderFlow.TestCase1">
    <failure type="java.lang.NullPointerException">
      <![CDATA[java.lang.NullPointerException
at Flipkat.FlipkatOrderFlow.Login.searchMobile(Login.java:18)
at Flipkat.FlipkatOrderFlow.TestCase1.login(TestCase1.java:12)
... Removed 34 stack frames]]>
    </failure>
  </testcase> <!-- login -->
</testsuite> <!-- Test -->
