-------------------------------------------------------------------------------
Test set: TestSuite
-------------------------------------------------------------------------------
Tests run: 1, Failures: 1, Errors: 0, Skipped: 0, Time elapsed: 14.185 sec <<< FAILURE!
login(Flipkat.FlipkatOrderFlow.TestCase1)  Time elapsed: 12.482 sec  <<< FAILURE!
java.lang.NullPointerException: null
	at Flipkat.FlipkatOrderFlow.Login.searchMobile(Login.java:18)
	at Flipkat.FlipkatOrderFlow.TestCase1.login(TestCase1.java:12)

